0    DEBUG [2014-08-01 10:00:51]  Request:
0    DEBUG [2014-08-01 10:00:51]  GET:https://api.weibo.com/2/friendships/followers.json
16   DEBUG [2014-08-01 10:00:51]  Authorization: OAuth2 2.00a3qS2CqNNrMB21dfdbbfa7Bwg8KC
16   DEBUG [2014-08-01 10:00:51]  API-RemoteIP: 172.171.30.56
484  DEBUG [2014-08-01 10:00:52]  Response:
484  DEBUG [2014-08-01 10:00:52]  https StatusCode:200
484  DEBUG [2014-08-01 10:00:52]  Server:nginx/1.2.0
484  DEBUG [2014-08-01 10:00:52]  Date:Fri, 01 Aug 2014 02:00:57 GMT
484  DEBUG [2014-08-01 10:00:52]  Content-Type:application/json;charset=UTF-8
484  DEBUG [2014-08-01 10:00:52]  Transfer-Encoding:chunked
484  DEBUG [2014-08-01 10:00:52]  Connection:keep-alive
484  DEBUG [2014-08-01 10:00:52]  Api-Server-IP:10.77.108.48
484  DEBUG [2014-08-01 10:00:52]  Vary:Accept-Encoding
484  WARN  [2014-08-01 10:00:52]  Going to buffer response body of large or unknown size. Using getResponseBodyAsStream instead is recommended.
484  DEBUG [2014-08-01 10:00:52]  {"error":"request uid's value must be the current user","error_code":21335,"request":"/2/friendships/followers.json"}

0    DEBUG [2014-08-01 10:02:53]  Request:
3    DEBUG [2014-08-01 10:02:53]  GET:https://api.weibo.com/2/friendships/followers.json
25   DEBUG [2014-08-01 10:02:53]  Authorization: OAuth2 2.00a3qS2CqNNrMB21dfdbbfa7Bwg8KC
25   DEBUG [2014-08-01 10:02:53]  API-RemoteIP: 172.171.30.56
588  DEBUG [2014-08-01 10:02:54]  Response:
588  DEBUG [2014-08-01 10:02:54]  https StatusCode:200
588  DEBUG [2014-08-01 10:02:54]  Server:nginx/1.2.0
588  DEBUG [2014-08-01 10:02:54]  Date:Fri, 01 Aug 2014 02:02:59 GMT
588  DEBUG [2014-08-01 10:02:54]  Content-Type:application/json;charset=UTF-8
588  DEBUG [2014-08-01 10:02:54]  Transfer-Encoding:chunked
588  DEBUG [2014-08-01 10:02:54]  Connection:keep-alive
588  DEBUG [2014-08-01 10:02:54]  Api-Server-IP:10.77.108.41
588  DEBUG [2014-08-01 10:02:54]  Vary:Accept-Encoding
590  WARN  [2014-08-01 10:02:54]  Going to buffer response body of large or unknown size. Using getResponseBodyAsStream instead is recommended.
590  DEBUG [2014-08-01 10:02:54]  {"error":"request uid's value must be the current user","error_code":21335,"request":"/2/friendships/followers.json"}

0    DEBUG [2014-08-01 10:05:53]  Request:
1    DEBUG [2014-08-01 10:05:53]  GET:https://api.weibo.com/2/friendships/followers.json
24   DEBUG [2014-08-01 10:05:53]  Authorization: OAuth2 2.00a3qS2CqNNrMB21dfdbbfa7Bwg8KC
24   DEBUG [2014-08-01 10:05:53]  API-RemoteIP: 172.171.30.56
673  DEBUG [2014-08-01 10:05:53]  Response:
674  DEBUG [2014-08-01 10:05:54]  https StatusCode:200
674  DEBUG [2014-08-01 10:05:54]  Server:nginx/1.2.0
674  DEBUG [2014-08-01 10:05:54]  Date:Fri, 01 Aug 2014 02:05:59 GMT
674  DEBUG [2014-08-01 10:05:54]  Content-Type:application/json;charset=UTF-8
675  DEBUG [2014-08-01 10:05:54]  Transfer-Encoding:chunked
675  DEBUG [2014-08-01 10:05:54]  Connection:keep-alive
675  DEBUG [2014-08-01 10:05:54]  Api-Server-IP:10.77.108.49
675  DEBUG [2014-08-01 10:05:54]  Vary:Accept-Encoding
679  WARN  [2014-08-01 10:05:54]  Going to buffer response body of large or unknown size. Using getResponseBodyAsStream instead is recommended.
681  DEBUG [2014-08-01 10:05:54]  {"error":"request uid's value must be the current user","error_code":21335,"request":"/2/friendships/followers.json"}

0    DEBUG [2014-08-01 10:06:46]  Request:
1    DEBUG [2014-08-01 10:06:46]  GET:https://api.weibo.com/2/friendships/friends.json
25   DEBUG [2014-08-01 10:06:46]  Authorization: OAuth2 2.00a3qS2CqNNrMB21dfdbbfa7Bwg8KC
25   DEBUG [2014-08-01 10:06:46]  API-RemoteIP: 172.171.30.56
645  DEBUG [2014-08-01 10:06:46]  Response:
645  DEBUG [2014-08-01 10:06:46]  https StatusCode:200
646  DEBUG [2014-08-01 10:06:46]  Server:nginx/1.2.0
646  DEBUG [2014-08-01 10:06:46]  Date:Fri, 01 Aug 2014 02:06:52 GMT
646  DEBUG [2014-08-01 10:06:46]  Content-Type:application/json;charset=UTF-8
646  DEBUG [2014-08-01 10:06:46]  Transfer-Encoding:chunked
647  DEBUG [2014-08-01 10:06:46]  Connection:keep-alive
647  DEBUG [2014-08-01 10:06:46]  Api-Server-IP:10.77.108.36
647  DEBUG [2014-08-01 10:06:46]  Vary:Accept-Encoding
651  WARN  [2014-08-01 10:06:46]  Going to buffer response body of large or unknown size. Using getResponseBodyAsStream instead is recommended.
652  DEBUG [2014-08-01 10:06:46]  {"error":"request uid's value must be the current user","error_code":21335,"request":"/2/friendships/friends.json"}

0    DEBUG [2014-08-01 10:09:37]  Request:
1    DEBUG [2014-08-01 10:09:37]  GET:https://api.weibo.com/2/friendships/friends.json
26   DEBUG [2014-08-01 10:09:37]  Authorization: OAuth2 2.00a3qS2CqNNrMB21dfdbbfa7Bwg8KC
26   DEBUG [2014-08-01 10:09:37]  API-RemoteIP: 172.171.30.56
421  DEBUG [2014-08-01 10:09:38]  Response:
422  DEBUG [2014-08-01 10:09:38]  https StatusCode:200
422  DEBUG [2014-08-01 10:09:38]  Server:nginx/1.2.0
422  DEBUG [2014-08-01 10:09:38]  Date:Fri, 01 Aug 2014 02:09:43 GMT
422  DEBUG [2014-08-01 10:09:38]  Content-Type:application/json;charset=UTF-8
423  DEBUG [2014-08-01 10:09:38]  Transfer-Encoding:chunked
423  DEBUG [2014-08-01 10:09:38]  Connection:keep-alive
423  DEBUG [2014-08-01 10:09:38]  Api-Server-IP:10.77.108.56
423  DEBUG [2014-08-01 10:09:38]  Vary:Accept-Encoding
427  WARN  [2014-08-01 10:09:38]  Going to buffer response body of large or unknown size. Using getResponseBodyAsStream instead is recommended.
429  DEBUG [2014-08-01 10:09:38]  {"error":"request uid's value must be the current user","error_code":21335,"request":"/2/friendships/friends.json"}

0    DEBUG [2014-08-01 10:15:26]  Request:
0    DEBUG [2014-08-01 10:15:26]  GET:https://api.weibo.com/2/friendships/friends.json
22   DEBUG [2014-08-01 10:15:26]  Authorization: OAuth2 2.00a3qS2CqNNrMB21dfdbbfa7Bwg8KC
22   DEBUG [2014-08-01 10:15:26]  API-RemoteIP: 172.171.30.56
675  DEBUG [2014-08-01 10:15:27]  Response:
675  DEBUG [2014-08-01 10:15:27]  https StatusCode:200
675  DEBUG [2014-08-01 10:15:27]  Server:nginx/1.2.0
675  DEBUG [2014-08-01 10:15:27]  Date:Fri, 01 Aug 2014 02:15:32 GMT
675  DEBUG [2014-08-01 10:15:27]  Content-Type:application/json;charset=UTF-8
675  DEBUG [2014-08-01 10:15:27]  Transfer-Encoding:chunked
675  DEBUG [2014-08-01 10:15:27]  Connection:keep-alive
675  DEBUG [2014-08-01 10:15:27]  Api-Server-IP:10.77.108.46
675  DEBUG [2014-08-01 10:15:27]  Vary:Accept-Encoding
675  WARN  [2014-08-01 10:15:27]  Going to buffer response body of large or unknown size. Using getResponseBodyAsStream instead is recommended.
685  DEBUG [2014-08-01 10:15:27]  {"error":"request uid's value must be the current user","error_code":21335,"request":"/2/friendships/friends.json"}

0    DEBUG [2014-08-01 10:19:09]  Request:
0    DEBUG [2014-08-01 10:19:09]  GET:https://api.weibo.com/2/friendships/followers.json
24   DEBUG [2014-08-01 10:19:09]  Authorization: OAuth2 2.00a3qS2CqNNrMB21dfdbbfa7Bwg8KC
24   DEBUG [2014-08-01 10:19:09]  API-RemoteIP: 172.171.30.56
423  DEBUG [2014-08-01 10:19:10]  Response:
423  DEBUG [2014-08-01 10:19:10]  https StatusCode:200
424  DEBUG [2014-08-01 10:19:10]  Server:nginx/1.2.0
424  DEBUG [2014-08-01 10:19:10]  Date:Fri, 01 Aug 2014 02:19:15 GMT
424  DEBUG [2014-08-01 10:19:10]  Content-Type:application/json;charset=UTF-8
424  DEBUG [2014-08-01 10:19:10]  Transfer-Encoding:chunked
425  DEBUG [2014-08-01 10:19:10]  Connection:keep-alive
425  DEBUG [2014-08-01 10:19:10]  Api-Server-IP:10.77.108.53
425  DEBUG [2014-08-01 10:19:10]  Vary:Accept-Encoding
427  WARN  [2014-08-01 10:19:10]  Going to buffer response body of large or unknown size. Using getResponseBodyAsStream instead is recommended.
427  DEBUG [2014-08-01 10:19:10]  {"error":"request uid's value must be the current user","error_code":21335,"request":"/2/friendships/followers.json"}

0    DEBUG [2014-08-01 16:46:22]  Request:
1    DEBUG [2014-08-01 16:46:22]  GET:https://api.weibo.com/2/statuses/user_timeline.json
24   DEBUG [2014-08-01 16:46:22]  Authorization: OAuth2 2.00LCDsWDqNNrMB3ec710a253z8hZyC
24   DEBUG [2014-08-01 16:46:22]  API-RemoteIP: 172.171.30.56
504  DEBUG [2014-08-01 16:46:22]  Response:
504  DEBUG [2014-08-01 16:46:22]  https StatusCode:200
504  DEBUG [2014-08-01 16:46:22]  Server:nginx/1.2.0
504  DEBUG [2014-08-01 16:46:22]  Date:Fri, 01 Aug 2014 08:46:28 GMT
504  DEBUG [2014-08-01 16:46:22]  Content-Type:application/json;charset=UTF-8
504  DEBUG [2014-08-01 16:46:22]  Transfer-Encoding:chunked
504  DEBUG [2014-08-01 16:46:22]  Connection:keep-alive
504  DEBUG [2014-08-01 16:46:22]  Api-Server-IP:10.77.108.50
504  DEBUG [2014-08-01 16:46:22]  Vary:Accept-Encoding
505  WARN  [2014-08-01 16:46:22]  Going to buffer response body of large or unknown size. Using getResponseBodyAsStream instead is recommended.
506  DEBUG [2014-08-01 16:46:22]  {"statuses":[{"created_at":"Mon Jul 07 16:05:25 +0800 2014","id":3729729728880898,"mid":"3729729728880898","idstr":"3729729728880898","text":"求视频[嘻嘻]1114694992@qq.comhttp://weibo.com/p/1001603729720314327591","source":"<a href=\"http://weibo.com/\" rel=\"nofollow\">微博 weibo.com</a>","favorited":false,"truncated":false,"in_reply_to_status_id":"","in_reply_to_user_id":"","in_reply_to_screen_name":"","pic_urls":[],"geo":null,"user":{"id":3234122627,"idstr":"3234122627","class":1,"screen_name":"唯一罢了","name":"唯一罢了","province":"32","city":"1","location":"江苏 南京","description":"","url":"","profile_image_url":"http://tp4.sinaimg.cn/3234122627/50/0/1","profile_url":"u/3234122627","domain":"","weihao":"","gender":"m","followers_count":9,"friends_count":47,"statuses_count":11,"favourites_count":0,"created_at":"Tue Mar 19 18:25:15 +0800 2013","following":false,"allow_all_act_msg":false,"geo_enabled":true,"verified":false,"verified_type":-1,"remark":"","ptype":0,"allow_all_comment":true,"avatar_large":"http://tp4.sinaimg.cn/3234122627/180/0/1","avatar_hd":"http://tp4.sinaimg.cn/3234122627/180/0/1","verified_reason":"","verified_trade":"","verified_reason_url":"","verified_source":"","verified_source_url":"","follow_me":false,"online_status":0,"bi_followers_count":4,"lang":"zh-cn","star":0,"mbtype":0,"mbrank":0,"block_word":0,"block_app":0},"reposts_count":0,"comments_count":0,"attitudes_count":0,"mlevel":0,"visible":{"type":0,"list_id":0},"darwin_tags":[]},{"created_at":"Mon Apr 07 22:40:47 +0800 2014","id":3696851931295331,"mid":"3696851931295331","idstr":"3696851931295331","text":"“幸运大转盘，快盘送空间” 今天抽中了100M永久空间，幸运指数3颗星！每日大转盘抽奖，轻松扩容，惊喜不断，抢1T永久空间点击->http://t.cn/8sSikZe 同步网盘领军产品，8000万用户的选择，值得信赖。","source":"<a href=\"http://app.weibo.com/t/feed/ApQac\" rel=\"nofollow\">快盘</a>","favorited":false,"truncated":false,"in_reply_to_status_id":"","in_reply_to_user_id":"","in_reply_to_screen_name":"","pic_urls":[{"thumbnail_pic":"http://ww3.sinaimg.cn/thumbnail/c0c4cb83jw1ef7eovtlr1j20c80fx414.jpg"}],"thumbnail_pic":"http://ww3.sinaimg.cn/thumbnail/c0c4cb83jw1ef7eovtlr1j20c80fx414.jpg","bmiddle_pic":"http://ww3.sinaimg.cn/bmiddle/c0c4cb83jw1ef7eovtlr1j20c80fx414.jpg","original_pic":"http://ww3.sinaimg.cn/large/c0c4cb83jw1ef7eovtlr1j20c80fx414.jpg","geo":null,"user":{"id":3234122627,"idstr":"3234122627","class":1,"screen_name":"唯一罢了","name":"唯一罢了","province":"32","city":"1","location":"江苏 南京","description":"","url":"","profile_image_url":"http://tp4.sinaimg.cn/3234122627/50/0/1","profile_url":"u/3234122627","domain":"","weihao":"","gender":"m","followers_count":9,"friends_count":47,"statuses_count":11,"favourites_count":0,"created_at":"Tue Mar 19 18:25:15 +0800 2013","following":false,"allow_all_act_msg":false,"geo_enabled":true,"verified":false,"verified_type":-1,"remark":"","ptype":0,"allow_all_comment":true,"avatar_large":"http://tp4.sinaimg.cn/3234122627/180/0/1","avatar_hd":"http://tp4.sinaimg.cn/3234122627/180/0/1","verified_reason":"","verified_trade":"","verified_reason_url":"","verified_source":"","verified_source_url":"","follow_me":false,"online_status":0,"bi_followers_count":4,"lang":"zh-cn","star":0,"mbtype":0,"mbrank":0,"block_word":0,"block_app":0},"reposts_count":0,"comments_count":0,"attitudes_count":0,"mlevel":0,"visible":{"type":0,"list_id":0},"darwin_tags":[]},{"created_at":"Fri Mar 07 21:45:14 +0800 2014","id":3685603927663824,"mid":"3685603927663824","idstr":"3685603927663824","text":"转发微博","source":"<a href=\"http://app.weibo.com/t/feed/5xCS0B\" rel=\"nofollow\">微博手机版</a>","favorited":false,"truncated":false,"in_reply_to_status_id":"","in_reply_to_user_id":"","in_reply_to_screen_name":"","pic_urls":[],"geo":null,"user":{"id":3234122627,"idstr":"3234122627","class":1,"screen_name":"唯一罢了","name":"唯一罢了","province":"32","city":"1","location":"江苏 南京","description":"","url":"","profile_image_url":"http://tp4.sinaimg.cn/3234122627/50/0/1","profile_url":"u/3234122627","domain":"","weihao":"","gender":"m","followers_count":9,"friends_count":47,"statuses_count":11,"favourites_count":0,"created_at":"Tue Mar 19 18:25:15 +0800 2013","following":false,"allow_all_act_msg":false,"geo_enabled":true,"verified":false,"verified_type":-1,"remark":"","ptype":0,"allow_all_comment":true,"avatar_large":"http://tp4.sinaimg.cn/3234122627/180/0/1","avatar_hd":"http://tp4.sinaimg.cn/3234122627/180/0/1","verified_reason":"","verified_trade":"","verified_reason_url":"","verified_source":"","verified_source_url":"","follow_me":false,"online_status":0,"bi_followers_count":4,"lang":"zh-cn","star":0,"mbtype":0,"mbrank":0,"block_word":0,"block_app":0},"retweeted_status":{"created_at":"Fri Mar 07 21:35:56 +0800 2014","id":3685601586455452,"mid":"3685601586455452","idstr":"3685601586455452","text":"抱歉，此微博已被作者删除。查看帮助：http://t.cn/zWSudZc","deleted":"1"},"reposts_count":0,"comments_count":0,"attitudes_count":0,"mlevel":0,"visible":{"type":0,"list_id":0},"darwin_tags":[]},{"created_at":"Sun Mar 02 12:42:11 +0800 2014","id":3683655325143109,"mid":"3683655325143109","idstr":"3683655325143109","text":"今天去了招聘会，感觉相比秋招，不仅工资低而且水平要low","source":"<a href=\"http://app.weibo.com/t/feed/4d8JpP\" rel=\"nofollow\">三星Galaxy SIII</a>","favorited":false,"truncated":false,"in_reply_to_status_id":"","in_reply_to_user_id":"","in_reply_to_screen_name":"","pic_urls":[],"geo":null,"user":{"id":3234122627,"idstr":"3234122627","class":1,"screen_name":"唯一罢了","name":"唯一罢了","province":"32","city":"1","location":"江苏 南京","description":"","url":"","profile_image_url":"http://tp4.sinaimg.cn/3234122627/50/0/1","profile_url":"u/3234122627","domain":"","weihao":"","gender":"m","followers_count":9,"friends_count":47,"statuses_count":11,"favourites_count":0,"created_at":"Tue Mar 19 18:25:15 +0800 2013","following":false,"allow_all_act_msg":false,"geo_enabled":true,"verified":false,"verified_type":-1,"remark":"","ptype":0,"allow_all_comment":true,"avatar_large":"http://tp4.sinaimg.cn/3234122627/180/0/1","avatar_hd":"http://tp4.sinaimg.cn/3234122627/180/0/1","verified_reason":"","verified_trade":"","verified_reason_url":"","verified_source":"","verified_source_url":"","follow_me":false,"online_status":0,"bi_followers_count":4,"lang":"zh-cn","star":0,"mbtype":0,"mbrank":0,"block_word":0,"block_app":0},"annotations":[{"client_mblogid":"0f8eff1f-37ec-464f-922a-1df1d37a90df"}],"reposts_count":0,"comments_count":1,"attitudes_count":0,"mlevel":0,"visible":{"type":0,"list_id":0},"darwin_tags":[]},{"created_at":"Sat Mar 01 02:03:07 +0800 2014","id":3683132110393710,"mid":"3683132110393710","idstr":"3683132110393710","text":"今晚两位舍友都没回来...","source":"<a href=\"http://weibo.com/\" rel=\"nofollow\">微博 weibo.com</a>","favorited":false,"truncated":false,"in_reply_to_status_id":"","in_reply_to_user_id":"","in_reply_to_screen_name":"","pic_urls":[],"geo":null,"user":{"id":3234122627,"idstr":"3234122627","class":1,"screen_name":"唯一罢了","name":"唯一罢了","province":"32","city":"1","location":"江苏 南京","description":"","url":"","profile_image_url":"http://tp4.sinaimg.cn/3234122627/50/0/1","profile_url":"u/3234122627","domain":"","weihao":"","gender":"m","followers_count":9,"friends_count":47,"statuses_count":11,"favourites_count":0,"created_at":"Tue Mar 19 18:25:15 +0800 2013","following":false,"allow_all_act_msg":false,"geo_enabled":true,"verified":false,"verified_type":-1,"remark":"","ptype":0,"allow_all_comment":true,"avatar_large":"http://tp4.sinaimg.cn/3234122627/180/0/1","avatar_hd":"http://tp4.sinaimg.cn/3234122627/180/0/1","verified_reason":"","verified_trade":"","verified_reason_url":"","verified_source":"","verified_source_url":"","follow_me":false,"online_status":0,"bi_followers_count":4,"lang":"zh-cn","star":0,"mbtype":0,"mbrank":0,"block_word":0,"block_app":0},"reposts_count":0,"comments_count":1,"attitudes_count":0,"mlevel":0,"visible":{"type":0,"list_id":0},"darwin_tags":[]},{"created_at":"Tue Feb 25 22:56:00 +0800 2014","id":3681997857725246,"mid":"3681997857725246","idstr":"3681997857725246","text":"早上看文章，下午写代码，晚上串门玩，这是不是一种悠闲的节奏？？？","source":"<a href=\"http://weibo.com/\" rel=\"nofollow\">微博 weibo.com</a>","favorited":false,"truncated":false,"in_reply_to_status_id":"","in_reply_to_user_id":"","in_reply_to_screen_name":"","pic_urls":[{"thumbnail_pic":"http://ww3.sinaimg.cn/thumbnail/c0c4cb83gw1edw0pnsox6j20bq08cdg5.jpg"}],"thumbnail_pic":"http://ww3.sinaimg.cn/thumbnail/c0c4cb83gw1edw0pnsox6j20bq08cdg5.jpg","bmiddle_pic":"http://ww3.sinaimg.cn/bmiddle/c0c4cb83gw1edw0pnsox6j20bq08cdg5.jpg","original_pic":"http://ww3.sinaimg.cn/large/c0c4cb83gw1edw0pnsox6j20bq08cdg5.jpg","geo":null,"user":{"id":3234122627,"idstr":"3234122627","class":1,"screen_name":"唯一罢了","name":"唯一罢了","province":"32","city":"1","location":"江苏 南京","description":"","url":"","profile_image_url":"http://tp4.sinaimg.cn/3234122627/50/0/1","profile_url":"u/3234122627","domain":"","weihao":"","gender":"m","followers_count":9,"friends_count":47,"statuses_count":11,"favourites_count":0,"created_at":"Tue Mar 19 18:25:15 +0800 2013","following":false,"allow_all_act_msg":false,"geo_enabled":true,"verified":false,"verified_type":-1,"remark":"","ptype":0,"allow_all_comment":true,"avatar_large":"http://tp4.sinaimg.cn/3234122627/180/0/1","avatar_hd":"http://tp4.sinaimg.cn/3234122627/180/0/1","verified_reason":"","verified_trade":"","verified_reason_url":"","verified_source":"","verified_source_url":"","follow_me":false,"online_status":0,"bi_followers_count":4,"lang":"zh-cn","star":0,"mbtype":0,"mbrank":0,"block_word":0,"block_app":0},"reposts_count":2,"comments_count":2,"attitudes_count":0,"mlevel":0,"visible":{"type":0,"list_id":0},"darwin_tags":[]},{"created_at":"Tue Feb 25 17:53:26 +0800 2014","id":3681921714245862,"mid":"3681921714245862","idstr":"3681921714245862","text":"今天下午年级大会庞导讲的大四毕业前要做的事情的原话：1、不管你曾经多么内向，你一定要在全班面前，认认真真的讲一次话或者唱一支歌。2、拜访一回你最尊敬的老师，在毕业时，认真的记住一条关于人生的经验。3、你一定要对你喜欢的女生（男生），很认真的告诉她（他），我爱过你。","source":"<a href=\"http://weibo.com/\" rel=\"nofollow\">微博 weibo.com</a>","favorited":false,"truncated":false,"in_reply_to_status_id":"","in_reply_to_user_id":"","in_reply_to_screen_name":"","pic_urls":[{"thumbnail_pic":"http://ww4.sinaimg.cn/thumbnail/c0c4cb83gw1edvryatfeyj20ku0fmq7e.jpg"}],"thumbnail_pic":"http://ww4.sinaimg.cn/thumbnail/c0c4cb83gw1edvryatfeyj20ku0fmq7e.jpg","bmiddle_pic":"http://ww4.sinaimg.cn/bmiddle/c0c4cb83gw1edvryatfeyj20ku0fmq7e.jpg","original_pic":"http://ww4.sinaimg.cn/large/c0c4cb83gw1edvryatfeyj20ku0fmq7e.jpg","geo":null,"user":{"id":3234122627,"idstr":"3234122627","class":1,"screen_name":"唯一罢了","name":"唯一罢了","province":"32","city":"1","location":"江苏 南京","description":"","url":"","profile_image_url":"http://tp4.sinaimg.cn/3234122627/50/0/1","profile_url":"u/3234122627","domain":"","weihao":"","gender":"m","followers_count":9,"friends_count":47,"statuses_count":11,"favourites_count":0,"created_at":"Tue Mar 19 18:25:15 +0800 2013","following":false,"allow_all_act_msg":false,"geo_enabled":true,"verified":false,"verified_type":-1,"remark":"","ptype":0,"allow_all_comment":true,"avatar_large":"http://tp4.sinaimg.cn/3234122627/180/0/1","avatar_hd":"http://tp4.sinaimg.cn/3234122627/180/0/1","verified_reason":"","verified_trade":"","verified_reason_url":"","verified_source":"","verified_source_url":"","follow_me":false,"online_status":0,"bi_followers_count":4,"lang":"zh-cn","star":0,"mbtype":0,"mbrank":0,"block_word":0,"block_app":0},"reposts_count":0,"comments_count":2,"attitudes_count":0,"mlevel":0,"visible":{"type":0,"list_id":0},"darwin_tags":[]},{"created_at":"Tue Feb 25 17:45:25 +0800 2014","id":3681919696581483,"mid":"3681919696581483","idstr":"3681919696581483","text":"人生无非是时间和耐心的混合物——巴尔扎克","source":"<a href=\"http://weibo.com/\" rel=\"nofollow\">微博 weibo.com</a>","favorited":false,"truncated":false,"in_reply_to_status_id":"","in_reply_to_user_id":"","in_reply_to_screen_name":"","pic_urls":[{"thumbnail_pic":"http://ww4.sinaimg.cn/thumbnail/c0c4cb83gw1edvrqomvs6j208s05l0sw.jpg"}],"thumbnail_pic":"http://ww4.sinaimg.cn/thumbnail/c0c4cb83gw1edvrqomvs6j208s05l0sw.jpg","bmiddle_pic":"http://ww4.sinaimg.cn/bmiddle/c0c4cb83gw1edvrqomvs6j208s05l0sw.jpg","original_pic":"http://ww4.sinaimg.cn/large/c0c4cb83gw1edvrqomvs6j208s05l0sw.jpg","geo":null,"user":{"id":3234122627,"idstr":"3234122627","class":1,"screen_name":"唯一罢了","name":"唯一罢了","province":"32","city":"1","location":"江苏 南京","description":"","url":"","profile_image_url":"http://tp4.sinaimg.cn/3234122627/50/0/1","profile_url":"u/3234122627","domain":"","weihao":"","gender":"m","followers_count":9,"friends_count":47,"statuses_count":11,"favourites_count":0,"created_at":"Tue Mar 19 18:25:15 +0800 2013","following":false,"allow_all_act_msg":false,"geo_enabled":true,"verified":false,"verified_type":-1,"remark":"","ptype":0,"allow_all_comment":true,"avatar_large":"http://tp4.sinaimg.cn/3234122627/180/0/1","avatar_hd":"http://tp4.sinaimg.cn/3234122627/180/0/1","verified_reason":"","verified_trade":"","verified_reason_url":"","verified_source":"","verified_source_url":"","follow_me":false,"online_status":0,"bi_followers_count":4,"lang":"zh-cn","star":0,"mbtype":0,"mbrank":0,"block_word":0,"block_app":0},"reposts_count":0,"comments_count":0,"attitudes_count":0,"mlevel":0,"visible":{"type":0,"list_id":0},"darwin_tags":[]},{"created_at":"Sun Feb 23 19:47:31 +0800 2014","id":3681225648204646,"mid":"3681225648204646","idstr":"3681225648204646","text":"终于把模拟登陆搞出来了","source":"<a href=\"http://weibo.com/\" rel=\"nofollow\">微博 weibo.com</a>","favorited":false,"truncated":false,"in_reply_to_status_id":"","in_reply_to_user_id":"","in_reply_to_screen_name":"","pic_urls":[],"geo":null,"user":{"id":3234122627,"idstr":"3234122627","class":1,"screen_name":"唯一罢了","name":"唯一罢了","province":"32","city":"1","location":"江苏 南京","description":"","url":"","profile_image_url":"http://tp4.sinaimg.cn/3234122627/50/0/1","profile_url":"u/3234122627","domain":"","weihao":"","gender":"m","followers_count":9,"friends_count":47,"statuses_count":11,"favourites_count":0,"created_at":"Tue Mar 19 18:25:15 +0800 2013","following":false,"allow_all_act_msg":false,"geo_enabled":true,"verified":false,"verified_type":-1,"remark":"","ptype":0,"allow_all_comment":true,"avatar_large":"http://tp4.sinaimg.cn/3234122627/180/0/1","avatar_hd":"http://tp4.sinaimg.cn/3234122627/180/0/1","verified_reason":"","verified_trade":"","verified_reason_url":"","verified_source":"","verified_source_url":"","follow_me":false,"online_status":0,"bi_followers_count":4,"lang":"zh-cn","star":0,"mbtype":0,"mbrank":0,"block_word":0,"block_app":0},"reposts_count":2,"comments_count":1,"attitudes_count":0,"mlevel":0,"visible":{"type":0,"list_id":0},"darwin_tags":[]},{"created_at":"Sun Mar 24 18:25:59 +0800 2013","id":3559442810969464,"mid":"3559442810969464","idstr":"3559442810969464","text":"我相信我们中国将来有一天也会这样民主，这样人性化","source":"<a href=\"http://weibo.com/\" rel=\"nofollow\">微博 weibo.com</a>","favorited":false,"truncated":false,"in_reply_to_status_id":"","in_reply_to_user_id":"","in_reply_to_screen_name":"","pic_urls":[],"geo":null,"user":{"id":3234122627,"idstr":"3234122627","class":1,"screen_name":"唯一罢了","name":"唯一罢了","province":"32","city":"1","location":"江苏 南京","description":"","url":"","profile_image_url":"http://tp4.sinaimg.cn/3234122627/50/0/1","profile_url":"u/3234122627","domain":"","weihao":"","gender":"m","followers_count":9,"friends_count":47,"statuses_count":11,"favourites_count":0,"created_at":"Tue Mar 19 18:25:15 +0800 2013","following":false,"allow_all_act_msg":false,"geo_enabled":true,"verified":false,"verified_type":-1,"remark":"","ptype":0,"allow_all_comment":true,"avatar_large":"http://tp4.sinaimg.cn/3234122627/180/0/1","avatar_hd":"http://tp4.sinaimg.cn/3234122627/180/0/1","verified_reason":"","verified_trade":"","verified_reason_url":"","verified_source":"","verified_source_url":"","follow_me":false,"online_status":0,"bi_followers_count":4,"lang":"zh-cn","star":0,"mbtype":0,"mbrank":0,"block_word":0,"block_app":0},"retweeted_status":{"created_at":"Sun Mar 24 17:17:11 +0800 2013","id":3559425492809610,"mid":"3559425492809610","idstr":"3559425492809610","text":"【美国儿童是这样学习宪法的】它不要求儿童理解宪法中那些有关国家根本制度的复杂概念，而是先把那些相对简单的有关人权的修正案告诉他们。普法教育的重点不在早早地警告将来的公民不该做什么，而是提醒他们注意政府和司法机构不该做什么，这就是美国儿童的普法教育。（南方周末）","source":"<a href=\"http://app.weibo.com/t/feed/9ksdit\" rel=\"nofollow\">iPhone客户端</a>","favorited":false,"truncated":false,"in_reply_to_status_id":"","in_reply_to_user_id":"","in_reply_to_screen_name":"","pic_urls":[{"thumbnail_pic":"http://ww3.sinaimg.cn/thumbnail/873ceaf9jw1e30zhd9rf9j.jpg"}],"thumbnail_pic":"http://ww3.sinaimg.cn/thumbnail/873ceaf9jw1e30zhd9rf9j.jpg","bmiddle_pic":"http://ww3.sinaimg.cn/bmiddle/873ceaf9jw1e30zhd9rf9j.jpg","original_pic":"http://ww3.sinaimg.cn/large/873ceaf9jw1e30zhd9rf9j.jpg","geo":null,"user":{"id":2268916473,"idstr":"2268916473","class":1,"screen_name":"正和岛标准","name":"正和岛标准","province":"11","city":"1","location":"北京 东城区","description":"理性的判断 ，建设性的表达（正和岛微信ID：zhenghedao）","url":"http://www.zhisland.com","profile_image_url":"http://tp2.sinaimg.cn/2268916473/50/5662093228/1","cover_image":"http://ww4.sinaimg.cn/crop.0.0.980.300/873ceaf9jw1e8qlhphm90j20r808cdiq.jpg","cover_image_phone":"http://ww1.sinaimg.cn/crop.0.0.640.640/7c85468fjw1e8yq8nhrzwj20hs0hsac1.jpg","profile_url":"zhenghedao","domain":"zhenghedao","weihao":"","gender":"m","followers_count":293569,"friends_count":1594,"statuses_count":21153,"favourites_count":154,"created_at":"Tue Jul 26 12:25:18 +0800 2011","following":false,"allow_all_act_msg":true,"geo_enabled":true,"verified":true,"verified_type":3,"remark":"","ptype":0,"allow_all_comment":true,"avatar_large":"http://tp2.sinaimg.cn/2268916473/180/5662093228/1","avatar_hd":"http://tp2.sinaimg.cn/2268916473/180/5662093228/1","verified_reason":"正和岛官方微博","verified_trade":"","verified_reason_url":"","verified_source":"","verified_source_url":"","follow_me":false,"online_status":1,"bi_followers_count":890,"lang":"zh-cn","star":0,"mbtype":0,"mbrank":0,"block_word":0,"block_app":0},"reposts_count":742,"comments_count":55,"attitudes_count":9,"mlevel":0,"visible":{"type":0,"list_id":0},"darwin_tags":[]},"reposts_count":5,"comments_count":5,"attitudes_count":0,"mlevel":0,"visible":{"type":0,"list_id":0},"darwin_tags":[]},{"created_at":"Sat Mar 23 22:52:23 +0800 2013","id":3559147469198843,"mid":"3559147469198843","idstr":"3559147469198843","text":"太有意思了！！！","source":"<a href=\"http://weibo.com/\" rel=\"nofollow\">微博 weibo.com</a>","favorited":false,"truncated":false,"in_reply_to_status_id":"","in_reply_to_user_id":"","in_reply_to_screen_name":"","pic_urls":[],"geo":null,"user":{"id":3234122627,"idstr":"3234122627","class":1,"screen_name":"唯一罢了","name":"唯一罢了","province":"32","city":"1","location":"江苏 南京","description":"","url":"","profile_image_url":"http://tp4.sinaimg.cn/3234122627/50/0/1","profile_url":"u/3234122627","domain":"","weihao":"","gender":"m","followers_count":9,"friends_count":47,"statuses_count":11,"favourites_count":0,"created_at":"Tue Mar 19 18:25:15 +0800 2013","following":false,"allow_all_act_msg":false,"geo_enabled":true,"verified":false,"verified_type":-1,"remark":"","ptype":0,"allow_all_comment":true,"avatar_large":"http://tp4.sinaimg.cn/3234122627/180/0/1","avatar_hd":"http://tp4.sinaimg.cn/3234122627/180/0/1","verified_reason":"","verified_trade":"","verified_reason_url":"","verified_source":"","verified_source_url":"","follow_me":false,"online_status":0,"bi_followers_count":4,"lang":"zh-cn","star":0,"mbtype":0,"mbrank":0,"block_word":0,"block_app":0},"retweeted_status":{"created_at":"Sat Mar 23 15:08:17 +0800 2013","id":3559030670782769,"mid":"3559030670782769","idstr":"3559030670782769","text":"【一个煎饼阿姨的O2O启示】一个学校旁煎饼摊阿姨快到饭口，手机Q响不停。她建了一Q群， 正上课的同学在群里留言下单，她根据Q名做好标签，学生下课交钱取货。她说此方法已用五六年，效果不错。看到没，这就是成功的、接地气的O2O的！还不知道什么是O2O？Online To Offline！详细：http://t.cn/zYkclqj","source":"<a href=\"http://app.weibo.com/t/feed/42EgW9\" rel=\"nofollow\">人民日报微博</a>","favorited":false,"truncated":false,"in_reply_to_status_id":"","in_reply_to_user_id":"","in_reply_to_screen_name":"","pic_urls":[{"thumbnail_pic":"http://ww4.sinaimg.cn/thumbnail/a716fd45jw1e2zq4yaw86j.jpg"}],"thumbnail_pic":"http://ww4.sinaimg.cn/thumbnail/a716fd45jw1e2zq4yaw86j.jpg","bmiddle_pic":"http://ww4.sinaimg.cn/bmiddle/a716fd45jw1e2zq4yaw86j.jpg","original_pic":"http://ww4.sinaimg.cn/large/a716fd45jw1e2zq4yaw86j.jpg","geo":null,"user":{"id":2803301701,"idstr":"2803301701","class":1,"screen_name":"人民日报","name":"人民日报","province":"11","city":"1000","location":"北京","description":"人民日报法人微博。参与、沟通、记录时代。","url":"","profile_image_url":"http://tp2.sinaimg.cn/2803301701/50/5699854341/1","cover_image":"http://ww2.sinaimg.cn/crop.0.0.980.300/a716fd45jw1eidj45hg8bj20r808cq68.jpg","cover_image_phone":"http://ww3.sinaimg.cn/crop.0.0.0.0/a716fd45jw1egfyknr682j20hq0hq0tb.jpg","profile_url":"rmrb","domain":"rmrb","weihao":"","gender":"m","followers_count":22780467,"friends_count":269,"statuses_count":33280,"favourites_count":9,"created_at":"Sun Jul 22 02:28:35 +0800 2012","following":false,"allow_all_act_msg":false,"geo_enabled":false,"verified":true,"verified_type":3,"remark":"","ptype":0,"allow_all_comment":true,"avatar_large":"http://tp2.sinaimg.cn/2803301701/180/5699854341/1","avatar_hd":"http://ww4.sinaimg.cn/crop.0.0.1022.1022.1024/a716fd45jw1ei6iyq07fpj20sg0sgtau.jpg","verified_reason":"《人民日报》法人微博","verified_trade":"","verified_reason_url":"","verified_source":"","verified_source_url":"","follow_me":false,"online_status":1,"bi_followers_count":250,"lang":"zh-cn","star":0,"mbtype":12,"mbrank":3,"block_word":0,"block_app":1},"reposts_count":3645,"comments_count":863,"attitudes_count":186,"mlevel":0,"visible":{"type":0,"list_id":0},"darwin_tags":[]},"reposts_count":0,"comments_count":0,"attitudes_count":0,"mlevel":0,"visible":{"type":0,"list_id":0},"darwin_tags":[]}],"marks":[],"hasvisible":false,"previous_cursor":0,"next_cursor":0,"total_number":11,"interval":0}

0    INFO  [2014-08-04 16:45:19]  config paoding analysis from: E:\Code\MyEclipse 10\weiciyun\weiciyun\file:\E:\Code\libs\paoding-analysis.jar!\paoding-analysis.properties;E:\Code\MyEclipse 10\weiciyun\weiciyun\file:\E:\Code\libs\paoding-analysis.jar!\paoding-analysis-default.properties;E:\Code\MyEclipse 10\weiciyun\weiciyun\file:\E:\Code\libs\paoding-analysis.jar!\paoding-analyzer.properties;E:\Code\MyEclipse 10\weiciyun\weiciyun\file:\E:\Code\libs\paoding-analysis.jar!\paoding-dic-home.properties;E:\Code\BACK\paoding\dic\paoding-dic-names.properties;E:\Code\MyEclipse 10\weiciyun\weiciyun\file:\E:\Code\libs\paoding-analysis.jar!\paoding-knives.properties;E:\Code\MyEclipse 10\weiciyun\weiciyun\file:\E:\Code\libs\paoding-analysis.jar!\paoding-knives-user.properties
12   INFO  [2014-08-04 16:45:19]  add knike: net.paoding.analysis.knife.CJKKnife
13   INFO  [2014-08-04 16:45:19]  add knike: net.paoding.analysis.knife.LetterKnife
14   INFO  [2014-08-04 16:45:19]  add knike: net.paoding.analysis.knife.NumberKnife
17   INFO  [2014-08-04 16:45:19]  add knike: net.paoding.analysis.knife.CJKKnife
17   INFO  [2014-08-04 16:45:19]  add knike: net.paoding.analysis.knife.LetterKnife
17   INFO  [2014-08-04 16:45:19]  add knike: net.paoding.analysis.knife.NumberKnife
18   INFO  [2014-08-04 16:45:19]  loading dictionaries from E:\Code\BACK\paoding\dic
173  INFO  [2014-08-04 16:45:19]  loaded success!
0    INFO  [2014-08-04 16:46:18]  config paoding analysis from: E:\Code\MyEclipse 10\weiciyun\weiciyun\file:\E:\Code\libs\paoding-analysis.jar!\paoding-analysis.properties;E:\Code\MyEclipse 10\weiciyun\weiciyun\file:\E:\Code\libs\paoding-analysis.jar!\paoding-analysis-default.properties;E:\Code\MyEclipse 10\weiciyun\weiciyun\file:\E:\Code\libs\paoding-analysis.jar!\paoding-analyzer.properties;E:\Code\MyEclipse 10\weiciyun\weiciyun\file:\E:\Code\libs\paoding-analysis.jar!\paoding-dic-home.properties;E:\Code\BACK\paoding\dic\paoding-dic-names.properties;E:\Code\MyEclipse 10\weiciyun\weiciyun\file:\E:\Code\libs\paoding-analysis.jar!\paoding-knives.properties;E:\Code\MyEclipse 10\weiciyun\weiciyun\file:\E:\Code\libs\paoding-analysis.jar!\paoding-knives-user.properties
2    INFO  [2014-08-04 16:46:18]  add knike: net.paoding.analysis.knife.CJKKnife
3    INFO  [2014-08-04 16:46:18]  add knike: net.paoding.analysis.knife.LetterKnife
4    INFO  [2014-08-04 16:46:18]  add knike: net.paoding.analysis.knife.NumberKnife
7    INFO  [2014-08-04 16:46:18]  add knike: net.paoding.analysis.knife.CJKKnife
8    INFO  [2014-08-04 16:46:18]  add knike: net.paoding.analysis.knife.LetterKnife
8    INFO  [2014-08-04 16:46:18]  add knike: net.paoding.analysis.knife.NumberKnife
8    INFO  [2014-08-04 16:46:18]  loading dictionaries from E:\Code\BACK\paoding\dic
153  INFO  [2014-08-04 16:46:18]  loaded success!
0    INFO  [2014-08-04 16:48:21]  config paoding analysis from: E:\Code\MyEclipse 10\weiciyun\weiciyun\file:\E:\Code\libs\paoding-analysis.jar!\paoding-analysis.properties;E:\Code\MyEclipse 10\weiciyun\weiciyun\file:\E:\Code\libs\paoding-analysis.jar!\paoding-analysis-default.properties;E:\Code\MyEclipse 10\weiciyun\weiciyun\file:\E:\Code\libs\paoding-analysis.jar!\paoding-analyzer.properties;E:\Code\MyEclipse 10\weiciyun\weiciyun\file:\E:\Code\libs\paoding-analysis.jar!\paoding-dic-home.properties;E:\Code\BACK\paoding\dic\paoding-dic-names.properties;E:\Code\MyEclipse 10\weiciyun\weiciyun\file:\E:\Code\libs\paoding-analysis.jar!\paoding-knives.properties;E:\Code\MyEclipse 10\weiciyun\weiciyun\file:\E:\Code\libs\paoding-analysis.jar!\paoding-knives-user.properties
2    INFO  [2014-08-04 16:48:21]  add knike: net.paoding.analysis.knife.CJKKnife
3    INFO  [2014-08-04 16:48:21]  add knike: net.paoding.analysis.knife.LetterKnife
4    INFO  [2014-08-04 16:48:21]  add knike: net.paoding.analysis.knife.NumberKnife
7    INFO  [2014-08-04 16:48:21]  add knike: net.paoding.analysis.knife.CJKKnife
8    INFO  [2014-08-04 16:48:21]  add knike: net.paoding.analysis.knife.LetterKnife
8    INFO  [2014-08-04 16:48:21]  add knike: net.paoding.analysis.knife.NumberKnife
8    INFO  [2014-08-04 16:48:21]  loading dictionaries from E:\Code\BACK\paoding\dic
156  INFO  [2014-08-04 16:48:21]  loaded success!
0    INFO  [2014-08-06 17:09:26]  config paoding analysis from: E:\Code\MyEclipse 10\weiciyun\weiciyun\file:\E:\Code\libs\paoding-analysis.jar!\paoding-analysis.properties;E:\Code\MyEclipse 10\weiciyun\weiciyun\file:\E:\Code\libs\paoding-analysis.jar!\paoding-analysis-default.properties;E:\Code\MyEclipse 10\weiciyun\weiciyun\file:\E:\Code\libs\paoding-analysis.jar!\paoding-analyzer.properties;E:\Code\MyEclipse 10\weiciyun\weiciyun\file:\E:\Code\libs\paoding-analysis.jar!\paoding-dic-home.properties;E:\Code\BACK\paoding\dic\paoding-dic-names.properties;E:\Code\MyEclipse 10\weiciyun\weiciyun\file:\E:\Code\libs\paoding-analysis.jar!\paoding-knives.properties;E:\Code\MyEclipse 10\weiciyun\weiciyun\file:\E:\Code\libs\paoding-analysis.jar!\paoding-knives-user.properties
3    INFO  [2014-08-06 17:09:26]  add knike: net.paoding.analysis.knife.CJKKnife
3    INFO  [2014-08-06 17:09:26]  add knike: net.paoding.analysis.knife.LetterKnife
4    INFO  [2014-08-06 17:09:26]  add knike: net.paoding.analysis.knife.NumberKnife
0    DEBUG [2014-10-02 19:24:15]  Request:
98   DEBUG [2014-10-02 19:24:15]  POSThttps://api.weibo.com/oauth2/access_token
1055 DEBUG [2014-10-02 19:24:16]  Response:
1055 DEBUG [2014-10-02 19:24:16]  https StatusCode:400
1055 DEBUG [2014-10-02 19:24:16]  Server:nginx/1.2.0
1055 DEBUG [2014-10-02 19:24:16]  Date:Thu, 02 Oct 2014 11:24:05 GMT
1056 DEBUG [2014-10-02 19:24:16]  Transfer-Encoding:chunked
1056 DEBUG [2014-10-02 19:24:16]  Connection:keep-alive
1056 DEBUG [2014-10-02 19:24:16]  Pragma:No-cache
1056 DEBUG [2014-10-02 19:24:16]  Cache-Control:no-cache
1056 DEBUG [2014-10-02 19:24:16]  Expires:Thu, 01 Jan 1970 00:00:00 GMT
1056 DEBUG [2014-10-02 19:24:16]  Api-Server-IP:10.75.2.83
1059 WARN  [2014-10-02 19:24:16]  Going to buffer response body of large or unknown size. Using getResponseBodyAsStream instead is recommended.
1059 DEBUG [2014-10-02 19:24:16]  {"error":"invalid_grant","error_code":21325,"request":"/oauth2/access_token","error_uri":"/oauth2/access_token","error_description":"invalid authorization code:"}

